{"C:\\Users\\erkst\\OneDrive\\Documentos\\React\\02-first-steps\\src\\FirstStepsApp.tsx": {"path":"C:\\Users\\erkst\\OneDrive\\Documentos\\React\\02-first-steps\\src\\FirstStepsApp.tsx","statementMap":{"0":{"start":{"line":8,"column":34},"end":{"line":14,"column":null}},"1":{"start":{"line":17,"column":4},"end":{"line":21,"column":43}},"2":{"start":{"line":20,"column":51},"end":{"line":21,"column":43}}},"fnMap":{"0":{"name":"FirstStepsApp","decl":{"start":{"line":16,"column":16},"end":{"line":16,"column":null}},"loc":{"start":{"line":16,"column":16},"end":{"line":29,"column":null}},"line":16},"1":{"name":"(anonymous_1)","decl":{"start":{"line":20,"column":25},"end":{"line":20,"column":26}},"loc":{"start":{"line":20,"column":51},"end":{"line":21,"column":43}},"line":20}},"branchMap":{},"s":{"0":1,"1":3,"2":15},"f":{"0":3,"1":15},"b":{},"meta":{"lastBranch":0,"lastFunction":2,"lastStatement":3,"seen":{"s:8:34:14:Infinity":0,"f:16:16:16:Infinity":0,"s:17:4:21:43":1,"f:20:25:20:26":1,"s:20:51:21:43":2}}}
,"C:\\Users\\erkst\\OneDrive\\Documentos\\React\\02-first-steps\\src\\MyAwesomeApp.tsx": {"path":"C:\\Users\\erkst\\OneDrive\\Documentos\\React\\02-first-steps\\src\\MyAwesomeApp.tsx","statementMap":{"0":{"start":{"line":3,"column":18},"end":{"line":3,"column":null}},"1":{"start":{"line":4,"column":17},"end":{"line":4,"column":null}},"2":{"start":{"line":6,"column":22},"end":{"line":6,"column":null}},"3":{"start":{"line":7,"column":17},"end":{"line":7,"column":null}},"4":{"start":{"line":9,"column":16},"end":{"line":12,"column":null}},"5":{"start":{"line":14,"column":31},"end":{"line":18,"column":null}},"6":{"start":{"line":21,"column":4},"end":{"line":30,"column":null}}},"fnMap":{"0":{"name":"MyAwesomeApp","decl":{"start":{"line":20,"column":16},"end":{"line":20,"column":null}},"loc":{"start":{"line":20,"column":16},"end":{"line":33,"column":null}},"line":20}},"branchMap":{"0":{"loc":{"start":{"line":28,"column":12},"end":{"line":28,"column":null}},"type":"cond-expr","locations":[{"start":{"line":28,"column":23},"end":{"line":28,"column":34}},{"start":{"line":28,"column":34},"end":{"line":28,"column":null}}],"line":28}},"s":{"0":1,"1":1,"2":1,"3":1,"4":1,"5":1,"6":2},"f":{"0":2},"b":{"0":[0,2]},"meta":{"lastBranch":1,"lastFunction":1,"lastStatement":7,"seen":{"s:3:18:3:Infinity":0,"s:4:17:4:Infinity":1,"s:6:22:6:Infinity":2,"s:7:17:7:Infinity":3,"s:9:16:12:Infinity":4,"s:14:31:18:Infinity":5,"f:20:16:20:Infinity":0,"s:21:4:30:Infinity":6,"b:28:23:28:34:28:34:28:Infinity":0}}}
,"C:\\Users\\erkst\\OneDrive\\Documentos\\React\\02-first-steps\\src\\helpers\\math.helper.ts": {"path":"C:\\Users\\erkst\\OneDrive\\Documentos\\React\\02-first-steps\\src\\helpers\\math.helper.ts","statementMap":{"0":{"start":{"line":1,"column":19},"end":{"line":3,"column":null}},"1":{"start":{"line":2,"column":4},"end":{"line":2,"column":null}},"2":{"start":{"line":5,"column":25},"end":{"line":7,"column":null}},"3":{"start":{"line":6,"column":4},"end":{"line":6,"column":null}},"4":{"start":{"line":9,"column":24},"end":{"line":11,"column":null}},"5":{"start":{"line":10,"column":4},"end":{"line":10,"column":null}},"6":{"start":{"line":13,"column":22},"end":{"line":15,"column":null}},"7":{"start":{"line":14,"column":4},"end":{"line":14,"column":null}}},"fnMap":{"0":{"name":"(anonymous_0)","decl":{"start":{"line":1,"column":19},"end":{"line":1,"column":20}},"loc":{"start":{"line":1,"column":31},"end":{"line":3,"column":null}},"line":1},"1":{"name":"(anonymous_1)","decl":{"start":{"line":5,"column":25},"end":{"line":5,"column":26}},"loc":{"start":{"line":5,"column":37},"end":{"line":7,"column":null}},"line":5},"2":{"name":"(anonymous_2)","decl":{"start":{"line":9,"column":24},"end":{"line":9,"column":25}},"loc":{"start":{"line":9,"column":36},"end":{"line":11,"column":null}},"line":9},"3":{"name":"(anonymous_3)","decl":{"start":{"line":13,"column":22},"end":{"line":13,"column":23}},"loc":{"start":{"line":13,"column":34},"end":{"line":15,"column":null}},"line":13}},"branchMap":{},"s":{"0":1,"1":2,"2":1,"3":2,"4":1,"5":2,"6":1,"7":1},"f":{"0":2,"1":2,"2":2,"3":1},"b":{},"meta":{"lastBranch":0,"lastFunction":4,"lastStatement":8,"seen":{"s:1:19:3:Infinity":0,"f:1:19:1:20":0,"s:2:4:2:Infinity":1,"s:5:25:7:Infinity":2,"f:5:25:5:26":1,"s:6:4:6:Infinity":3,"s:9:24:11:Infinity":4,"f:9:24:9:25":2,"s:10:4:10:Infinity":5,"s:13:22:15:Infinity":6,"f:13:22:13:23":3,"s:14:4:14:Infinity":7}}}
,"C:\\Users\\erkst\\OneDrive\\Documentos\\React\\02-first-steps\\src\\sopping-cart\\ItemCounter.module.css": {"path":"C:\\Users\\erkst\\OneDrive\\Documentos\\React\\02-first-steps\\src\\sopping-cart\\ItemCounter.module.css","statementMap":{},"fnMap":{},"branchMap":{},"s":{},"f":{},"b":{},"meta":{"lastBranch":0,"lastFunction":0,"lastStatement":0,"seen":{}}}
,"C:\\Users\\erkst\\OneDrive\\Documentos\\React\\02-first-steps\\src\\sopping-cart\\ItemCounter.tsx": {"path":"C:\\Users\\erkst\\OneDrive\\Documentos\\React\\02-first-steps\\src\\sopping-cart\\ItemCounter.tsx","statementMap":{"0":{"start":{"line":13,"column":27},"end":{"line":52,"column":null}},"1":{"start":{"line":15,"column":27},"end":{"line":15,"column":null}},"2":{"start":{"line":17,"column":22},"end":{"line":19,"column":null}},"3":{"start":{"line":18,"column":8},"end":{"line":18,"column":null}},"4":{"start":{"line":20,"column":25},"end":{"line":23,"column":null}},"5":{"start":{"line":21,"column":8},"end":{"line":21,"column":null}},"6":{"start":{"line":21,"column":25},"end":{"line":21,"column":null}},"7":{"start":{"line":22,"column":8},"end":{"line":22,"column":null}},"8":{"start":{"line":25,"column":4},"end":{"line":49,"column":null}}},"fnMap":{"0":{"name":"(anonymous_0)","decl":{"start":{"line":13,"column":27},"end":{"line":13,"column":28}},"loc":{"start":{"line":13,"column":61},"end":{"line":52,"column":null}},"line":13},"1":{"name":"(anonymous_1)","decl":{"start":{"line":17,"column":22},"end":{"line":17,"column":null}},"loc":{"start":{"line":17,"column":22},"end":{"line":19,"column":null}},"line":17},"2":{"name":"(anonymous_2)","decl":{"start":{"line":20,"column":25},"end":{"line":20,"column":null}},"loc":{"start":{"line":20,"column":25},"end":{"line":23,"column":null}},"line":20}},"branchMap":{"0":{"loc":{"start":{"line":13,"column":40},"end":{"line":13,"column":52}},"type":"default-arg","locations":[{"start":{"line":13,"column":51},"end":{"line":13,"column":52}}],"line":13},"1":{"loc":{"start":{"line":21,"column":8},"end":{"line":21,"column":null}},"type":"if","locations":[{"start":{"line":21,"column":8},"end":{"line":21,"column":null}},{"start":{},"end":{}}],"line":21},"2":{"loc":{"start":{"line":40,"column":27},"end":{"line":40,"column":null}},"type":"cond-expr","locations":[{"start":{"line":40,"column":41},"end":{"line":40,"column":49}},{"start":{"line":40,"column":49},"end":{"line":40,"column":null}}],"line":40}},"s":{"0":1,"1":9,"2":9,"3":1,"4":9,"5":2,"6":1,"7":1,"8":9},"f":{"0":9,"1":1,"2":2},"b":{"0":[9],"1":[1,1],"2":[3,6]},"meta":{"lastBranch":3,"lastFunction":3,"lastStatement":9,"seen":{"s:13:27:52:Infinity":0,"f:13:27:13:28":0,"b:13:51:13:52":0,"s:15:27:15:Infinity":1,"s:17:22:19:Infinity":2,"f:17:22:17:Infinity":1,"s:18:8:18:Infinity":3,"s:20:25:23:Infinity":4,"f:20:25:20:Infinity":2,"b:21:8:21:Infinity:undefined:undefined:undefined:undefined":1,"s:21:8:21:Infinity":5,"s:21:25:21:Infinity":6,"s:22:8:22:Infinity":7,"s:25:4:49:Infinity":8,"b:40:41:40:49:40:49:40:Infinity":2}}}
}
